<?xml version="1.0" encoding="UTF-8"?>
<!-- Generated by org.testng.reporters.JUnitReportReporter -->
<testsuite hostname="Nimer" failures="0" tests="3" name="swaglab.TestCase" time="18.902" errors="0" timestamp="2023-10-24T13:00:04 EET" skipped="0">
  <testcase classname="swaglab.TestCase" name="LoginWithStandardUSer" time="4.247"/>
  <system-out/>
  <testcase classname="swaglab.TestCase" name="LoginWithPerformanceUser" time="9.394"/>
  <system-out/>
  <testcase classname="swaglab.TestCase" name="LoginWithProblemUser" time="5.261"/>
  <system-out/>
</testsuite> <!-- swaglab.TestCase -->
